CRITICAL - 2024-04-03 02:46:42 --> ErrorException: Undefined variable $success_modal
in APPPATH\Views\home\index.php on line 532.
 1 APPPATH\Views\home\index.php(532): CodeIgniter\Debug\Exceptions->errorHandler(2, 'Undefined variable $success_modal', 'C:\\xampp\\htdocs\\wbs-ci\\app\\Views\\home\\index.php', 532)
 2 SYSTEMPATH\View\View.php(228): include('C:\\xampp\\htdocs\\wbs-ci\\app\\Views\\home\\index.php')
 3 SYSTEMPATH\View\View.php(231): CodeIgniter\View\View->CodeIgniter\View\{closure}()
 4 SYSTEMPATH\Common.php(1178): CodeIgniter\View\View->render('home/index', [], true)
 5 APPPATH\Controllers\HomeController.php(13): view('home/index')
 6 SYSTEMPATH\CodeIgniter.php(941): App\Controllers\HomeController->index()
 7 SYSTEMPATH\CodeIgniter.php(502): CodeIgniter\CodeIgniter->runController(Object(App\Controllers\HomeController))
 8 SYSTEMPATH\CodeIgniter.php(361): CodeIgniter\CodeIgniter->handleRequest(null, Object(Config\Cache), false)
 9 FCPATH\index.php(79): CodeIgniter\CodeIgniter->run()
10 SYSTEMPATH\Commands\Server\rewrite.php(47): require_once('C:\\xampp\\htdocs\\wbs-ci\\public\\index.php')
CRITICAL - 2024-04-03 02:47:15 --> ErrorException: Undefined variable $success_modal
in APPPATH\Views\home\index.php on line 532.
 1 APPPATH\Views\home\index.php(532): CodeIgniter\Debug\Exceptions->errorHandler(2, 'Undefined variable $success_modal', 'C:\\xampp\\htdocs\\wbs-ci\\app\\Views\\home\\index.php', 532)
 2 SYSTEMPATH\View\View.php(228): include('C:\\xampp\\htdocs\\wbs-ci\\app\\Views\\home\\index.php')
 3 SYSTEMPATH\View\View.php(231): CodeIgniter\View\View->CodeIgniter\View\{closure}()
 4 SYSTEMPATH\Common.php(1178): CodeIgniter\View\View->render('home/index', [], true)
 5 APPPATH\Controllers\HomeController.php(13): view('home/index')
 6 SYSTEMPATH\CodeIgniter.php(941): App\Controllers\HomeController->index()
 7 SYSTEMPATH\CodeIgniter.php(502): CodeIgniter\CodeIgniter->runController(Object(App\Controllers\HomeController))
 8 SYSTEMPATH\CodeIgniter.php(361): CodeIgniter\CodeIgniter->handleRequest(null, Object(Config\Cache), false)
 9 FCPATH\index.php(79): CodeIgniter\CodeIgniter->run()
10 SYSTEMPATH\Commands\Server\rewrite.php(47): require_once('C:\\xampp\\htdocs\\wbs-ci\\public\\index.php')
INFO - 2024-04-03 02:51:17 --> Session: Class initialized using 'CodeIgniter\Session\Handlers\FileHandler' driver.
INFO - 2024-04-03 08:48:27 --> Session: Class initialized using 'CodeIgniter\Session\Handlers\FileHandler' driver.
