INFO - 2024-04-08 01:04:37 --> Session: Class initialized using 'CodeIgniter\Session\Handlers\FileHandler' driver.
INFO - 2024-04-08 01:04:52 --> Session: Class initialized using 'CodeIgniter\Session\Handlers\FileHandler' driver.
INFO - 2024-04-08 01:05:07 --> Session: Class initialized using 'CodeIgniter\Session\Handlers\FileHandler' driver.
INFO - 2024-04-08 01:05:08 --> Session: Class initialized using 'CodeIgniter\Session\Handlers\FileHandler' driver.
INFO - 2024-04-08 01:05:14 --> Session: Class initialized using 'CodeIgniter\Session\Handlers\FileHandler' driver.
CRITICAL - 2024-04-08 01:05:27 --> ErrorException: Trying to access array offset on value of type null
in APPPATH\Views\dashboard\detaildataLapor.php on line 126.
 1 APPPATH\Views\dashboard\detaildataLapor.php(126): CodeIgniter\Debug\Exceptions->errorHandler(2, 'Trying to access array offset on value of type null', 'C:\\xampp\\htdocs\\wbs-ci\\app\\Views\\dashboard\\detaildataLapor.php', 126)
 2 SYSTEMPATH\View\View.php(228): include('C:\\xampp\\htdocs\\wbs-ci\\app\\Views\\dashboard\\detaildataLapor.php')
 3 SYSTEMPATH\View\View.php(231): CodeIgniter\View\View->CodeIgniter\View\{closure}()
 4 SYSTEMPATH\Common.php(1178): CodeIgniter\View\View->render('/dashboard/detaildataLapor', [], true)
 5 APPPATH\Controllers\DashboardController.php(116): view('/dashboard/detaildataLapor', [...])
 6 SYSTEMPATH\CodeIgniter.php(941): App\Controllers\DashboardController->detail('assets', 'img', 'logo.png')
 7 SYSTEMPATH\CodeIgniter.php(502): CodeIgniter\CodeIgniter->runController(Object(App\Controllers\DashboardController))
 8 SYSTEMPATH\CodeIgniter.php(361): CodeIgniter\CodeIgniter->handleRequest(null, Object(Config\Cache), false)
 9 FCPATH\index.php(79): CodeIgniter\CodeIgniter->run()
10 SYSTEMPATH\Commands\Server\rewrite.php(47): require_once('C:\\xampp\\htdocs\\wbs-ci\\public\\index.php')
CRITICAL - 2024-04-08 01:05:34 --> ErrorException: Trying to access array offset on value of type null
in APPPATH\Views\dashboard\detaildataLapor.php on line 126.
 1 APPPATH\Views\dashboard\detaildataLapor.php(126): CodeIgniter\Debug\Exceptions->errorHandler(2, 'Trying to access array offset on value of type null', 'C:\\xampp\\htdocs\\wbs-ci\\app\\Views\\dashboard\\detaildataLapor.php', 126)
 2 SYSTEMPATH\View\View.php(228): include('C:\\xampp\\htdocs\\wbs-ci\\app\\Views\\dashboard\\detaildataLapor.php')
 3 SYSTEMPATH\View\View.php(231): CodeIgniter\View\View->CodeIgniter\View\{closure}()
 4 SYSTEMPATH\Common.php(1178): CodeIgniter\View\View->render('/dashboard/detaildataLapor', [], true)
 5 APPPATH\Controllers\DashboardController.php(116): view('/dashboard/detaildataLapor', [...])
 6 SYSTEMPATH\CodeIgniter.php(941): App\Controllers\DashboardController->detail('assets', 'img', 'logo.png')
 7 SYSTEMPATH\CodeIgniter.php(502): CodeIgniter\CodeIgniter->runController(Object(App\Controllers\DashboardController))
 8 SYSTEMPATH\CodeIgniter.php(361): CodeIgniter\CodeIgniter->handleRequest(null, Object(Config\Cache), false)
 9 FCPATH\index.php(79): CodeIgniter\CodeIgniter->run()
10 SYSTEMPATH\Commands\Server\rewrite.php(47): require_once('C:\\xampp\\htdocs\\wbs-ci\\public\\index.php')
CRITICAL - 2024-04-08 01:08:14 --> ErrorException: Trying to access array offset on value of type null
in APPPATH\Views\dashboard\detaildataLapor.php on line 126.
 1 APPPATH\Views\dashboard\detaildataLapor.php(126): CodeIgniter\Debug\Exceptions->errorHandler(2, 'Trying to access array offset on value of type null', 'C:\\xampp\\htdocs\\wbs-ci\\app\\Views\\dashboard\\detaildataLapor.php', 126)
 2 SYSTEMPATH\View\View.php(228): include('C:\\xampp\\htdocs\\wbs-ci\\app\\Views\\dashboard\\detaildataLapor.php')
 3 SYSTEMPATH\View\View.php(231): CodeIgniter\View\View->CodeIgniter\View\{closure}()
 4 SYSTEMPATH\Common.php(1178): CodeIgniter\View\View->render('/dashboard/detaildataLapor', [], true)
 5 APPPATH\Controllers\DashboardController.php(117): view('/dashboard/detaildataLapor', [...])
 6 SYSTEMPATH\CodeIgniter.php(941): App\Controllers\DashboardController->detail('assets', 'img', 'logo.png')
 7 SYSTEMPATH\CodeIgniter.php(502): CodeIgniter\CodeIgniter->runController(Object(App\Controllers\DashboardController))
 8 SYSTEMPATH\CodeIgniter.php(361): CodeIgniter\CodeIgniter->handleRequest(null, Object(Config\Cache), false)
 9 FCPATH\index.php(79): CodeIgniter\CodeIgniter->run()
10 SYSTEMPATH\Commands\Server\rewrite.php(47): require_once('C:\\xampp\\htdocs\\wbs-ci\\public\\index.php')
CRITICAL - 2024-04-08 01:08:17 --> ErrorException: Trying to access array offset on value of type null
in APPPATH\Views\dashboard\detaildataLapor.php on line 126.
 1 APPPATH\Views\dashboard\detaildataLapor.php(126): CodeIgniter\Debug\Exceptions->errorHandler(2, 'Trying to access array offset on value of type null', 'C:\\xampp\\htdocs\\wbs-ci\\app\\Views\\dashboard\\detaildataLapor.php', 126)
 2 SYSTEMPATH\View\View.php(228): include('C:\\xampp\\htdocs\\wbs-ci\\app\\Views\\dashboard\\detaildataLapor.php')
 3 SYSTEMPATH\View\View.php(231): CodeIgniter\View\View->CodeIgniter\View\{closure}()
 4 SYSTEMPATH\Common.php(1178): CodeIgniter\View\View->render('/dashboard/detaildataLapor', [], true)
 5 APPPATH\Controllers\DashboardController.php(117): view('/dashboard/detaildataLapor', [...])
 6 SYSTEMPATH\CodeIgniter.php(941): App\Controllers\DashboardController->detail('assets', 'img', 'logo.png')
 7 SYSTEMPATH\CodeIgniter.php(502): CodeIgniter\CodeIgniter->runController(Object(App\Controllers\DashboardController))
 8 SYSTEMPATH\CodeIgniter.php(361): CodeIgniter\CodeIgniter->handleRequest(null, Object(Config\Cache), false)
 9 FCPATH\index.php(79): CodeIgniter\CodeIgniter->run()
10 SYSTEMPATH\Commands\Server\rewrite.php(47): require_once('C:\\xampp\\htdocs\\wbs-ci\\public\\index.php')
CRITICAL - 2024-04-08 01:08:25 --> ErrorException: Trying to access array offset on value of type null
in APPPATH\Views\dashboard\detaildataLapor.php on line 126.
 1 APPPATH\Views\dashboard\detaildataLapor.php(126): CodeIgniter\Debug\Exceptions->errorHandler(2, 'Trying to access array offset on value of type null', 'C:\\xampp\\htdocs\\wbs-ci\\app\\Views\\dashboard\\detaildataLapor.php', 126)
 2 SYSTEMPATH\View\View.php(228): include('C:\\xampp\\htdocs\\wbs-ci\\app\\Views\\dashboard\\detaildataLapor.php')
 3 SYSTEMPATH\View\View.php(231): CodeIgniter\View\View->CodeIgniter\View\{closure}()
 4 SYSTEMPATH\Common.php(1178): CodeIgniter\View\View->render('/dashboard/detaildataLapor', [], true)
 5 APPPATH\Controllers\DashboardController.php(117): view('/dashboard/detaildataLapor', [...])
 6 SYSTEMPATH\CodeIgniter.php(941): App\Controllers\DashboardController->detail('assets', 'img', 'logo.png')
 7 SYSTEMPATH\CodeIgniter.php(502): CodeIgniter\CodeIgniter->runController(Object(App\Controllers\DashboardController))
 8 SYSTEMPATH\CodeIgniter.php(361): CodeIgniter\CodeIgniter->handleRequest(null, Object(Config\Cache), false)
 9 FCPATH\index.php(79): CodeIgniter\CodeIgniter->run()
10 SYSTEMPATH\Commands\Server\rewrite.php(47): require_once('C:\\xampp\\htdocs\\wbs-ci\\public\\index.php')
CRITICAL - 2024-04-08 01:13:12 --> ErrorException: Trying to access array offset on value of type null
in APPPATH\Views\dashboard\detaildataLapor.php on line 126.
 1 APPPATH\Views\dashboard\detaildataLapor.php(126): CodeIgniter\Debug\Exceptions->errorHandler(2, 'Trying to access array offset on value of type null', 'C:\\xampp\\htdocs\\wbs-ci\\app\\Views\\dashboard\\detaildataLapor.php', 126)
 2 SYSTEMPATH\View\View.php(228): include('C:\\xampp\\htdocs\\wbs-ci\\app\\Views\\dashboard\\detaildataLapor.php')
 3 SYSTEMPATH\View\View.php(231): CodeIgniter\View\View->CodeIgniter\View\{closure}()
 4 SYSTEMPATH\Common.php(1178): CodeIgniter\View\View->render('/dashboard/detaildataLapor', [], true)
 5 APPPATH\Controllers\DashboardController.php(130): view('/dashboard/detaildataLapor', [...])
 6 SYSTEMPATH\CodeIgniter.php(941): App\Controllers\DashboardController->detail('assets', 'img', 'logo.png')
 7 SYSTEMPATH\CodeIgniter.php(502): CodeIgniter\CodeIgniter->runController(Object(App\Controllers\DashboardController))
 8 SYSTEMPATH\CodeIgniter.php(361): CodeIgniter\CodeIgniter->handleRequest(null, Object(Config\Cache), false)
 9 FCPATH\index.php(79): CodeIgniter\CodeIgniter->run()
10 SYSTEMPATH\Commands\Server\rewrite.php(47): require_once('C:\\xampp\\htdocs\\wbs-ci\\public\\index.php')
CRITICAL - 2024-04-08 01:13:16 --> ErrorException: Trying to access array offset on value of type null
in APPPATH\Views\dashboard\detaildataLapor.php on line 126.
 1 APPPATH\Views\dashboard\detaildataLapor.php(126): CodeIgniter\Debug\Exceptions->errorHandler(2, 'Trying to access array offset on value of type null', 'C:\\xampp\\htdocs\\wbs-ci\\app\\Views\\dashboard\\detaildataLapor.php', 126)
 2 SYSTEMPATH\View\View.php(228): include('C:\\xampp\\htdocs\\wbs-ci\\app\\Views\\dashboard\\detaildataLapor.php')
 3 SYSTEMPATH\View\View.php(231): CodeIgniter\View\View->CodeIgniter\View\{closure}()
 4 SYSTEMPATH\Common.php(1178): CodeIgniter\View\View->render('/dashboard/detaildataLapor', [], true)
 5 APPPATH\Controllers\DashboardController.php(130): view('/dashboard/detaildataLapor', [...])
 6 SYSTEMPATH\CodeIgniter.php(941): App\Controllers\DashboardController->detail('assets', 'img', 'logo.png')
 7 SYSTEMPATH\CodeIgniter.php(502): CodeIgniter\CodeIgniter->runController(Object(App\Controllers\DashboardController))
 8 SYSTEMPATH\CodeIgniter.php(361): CodeIgniter\CodeIgniter->handleRequest(null, Object(Config\Cache), false)
 9 FCPATH\index.php(79): CodeIgniter\CodeIgniter->run()
10 SYSTEMPATH\Commands\Server\rewrite.php(47): require_once('C:\\xampp\\htdocs\\wbs-ci\\public\\index.php')
CRITICAL - 2024-04-08 01:13:58 --> ErrorException: Trying to access array offset on value of type null
in APPPATH\Views\dashboard\detaildataLapor.php on line 126.
 1 APPPATH\Views\dashboard\detaildataLapor.php(126): CodeIgniter\Debug\Exceptions->errorHandler(2, 'Trying to access array offset on value of type null', 'C:\\xampp\\htdocs\\wbs-ci\\app\\Views\\dashboard\\detaildataLapor.php', 126)
 2 SYSTEMPATH\View\View.php(228): include('C:\\xampp\\htdocs\\wbs-ci\\app\\Views\\dashboard\\detaildataLapor.php')
 3 SYSTEMPATH\View\View.php(231): CodeIgniter\View\View->CodeIgniter\View\{closure}()
 4 SYSTEMPATH\Common.php(1178): CodeIgniter\View\View->render('/dashboard/detaildataLapor', [], true)
 5 APPPATH\Controllers\DashboardController.php(130): view('/dashboard/detaildataLapor', [...])
 6 SYSTEMPATH\CodeIgniter.php(941): App\Controllers\DashboardController->detail('assets', 'img', 'logo.png')
 7 SYSTEMPATH\CodeIgniter.php(502): CodeIgniter\CodeIgniter->runController(Object(App\Controllers\DashboardController))
 8 SYSTEMPATH\CodeIgniter.php(361): CodeIgniter\CodeIgniter->handleRequest(null, Object(Config\Cache), false)
 9 FCPATH\index.php(79): CodeIgniter\CodeIgniter->run()
10 SYSTEMPATH\Commands\Server\rewrite.php(47): require_once('C:\\xampp\\htdocs\\wbs-ci\\public\\index.php')
CRITICAL - 2024-04-08 01:14:01 --> ErrorException: Trying to access array offset on value of type null
in APPPATH\Views\dashboard\detaildataLapor.php on line 126.
 1 APPPATH\Views\dashboard\detaildataLapor.php(126): CodeIgniter\Debug\Exceptions->errorHandler(2, 'Trying to access array offset on value of type null', 'C:\\xampp\\htdocs\\wbs-ci\\app\\Views\\dashboard\\detaildataLapor.php', 126)
 2 SYSTEMPATH\View\View.php(228): include('C:\\xampp\\htdocs\\wbs-ci\\app\\Views\\dashboard\\detaildataLapor.php')
 3 SYSTEMPATH\View\View.php(231): CodeIgniter\View\View->CodeIgniter\View\{closure}()
 4 SYSTEMPATH\Common.php(1178): CodeIgniter\View\View->render('/dashboard/detaildataLapor', [], true)
 5 APPPATH\Controllers\DashboardController.php(130): view('/dashboard/detaildataLapor', [...])
 6 SYSTEMPATH\CodeIgniter.php(941): App\Controllers\DashboardController->detail('assets', 'img', 'logo.png')
 7 SYSTEMPATH\CodeIgniter.php(502): CodeIgniter\CodeIgniter->runController(Object(App\Controllers\DashboardController))
 8 SYSTEMPATH\CodeIgniter.php(361): CodeIgniter\CodeIgniter->handleRequest(null, Object(Config\Cache), false)
 9 FCPATH\index.php(79): CodeIgniter\CodeIgniter->run()
10 SYSTEMPATH\Commands\Server\rewrite.php(47): require_once('C:\\xampp\\htdocs\\wbs-ci\\public\\index.php')
CRITICAL - 2024-04-08 01:14:04 --> ErrorException: Trying to access array offset on value of type null
in APPPATH\Views\dashboard\detaildataLapor.php on line 126.
 1 APPPATH\Views\dashboard\detaildataLapor.php(126): CodeIgniter\Debug\Exceptions->errorHandler(2, 'Trying to access array offset on value of type null', 'C:\\xampp\\htdocs\\wbs-ci\\app\\Views\\dashboard\\detaildataLapor.php', 126)
 2 SYSTEMPATH\View\View.php(228): include('C:\\xampp\\htdocs\\wbs-ci\\app\\Views\\dashboard\\detaildataLapor.php')
 3 SYSTEMPATH\View\View.php(231): CodeIgniter\View\View->CodeIgniter\View\{closure}()
 4 SYSTEMPATH\Common.php(1178): CodeIgniter\View\View->render('/dashboard/detaildataLapor', [], true)
 5 APPPATH\Controllers\DashboardController.php(130): view('/dashboard/detaildataLapor', [...])
 6 SYSTEMPATH\CodeIgniter.php(941): App\Controllers\DashboardController->detail('assets', 'img', 'logo.png')
 7 SYSTEMPATH\CodeIgniter.php(502): CodeIgniter\CodeIgniter->runController(Object(App\Controllers\DashboardController))
 8 SYSTEMPATH\CodeIgniter.php(361): CodeIgniter\CodeIgniter->handleRequest(null, Object(Config\Cache), false)
 9 FCPATH\index.php(79): CodeIgniter\CodeIgniter->run()
10 SYSTEMPATH\Commands\Server\rewrite.php(47): require_once('C:\\xampp\\htdocs\\wbs-ci\\public\\index.php')
CRITICAL - 2024-04-08 01:16:58 --> ErrorException: Trying to access array offset on value of type null
in APPPATH\Views\dashboard\detaildataLapor.php on line 126.
 1 APPPATH\Views\dashboard\detaildataLapor.php(126): CodeIgniter\Debug\Exceptions->errorHandler(2, 'Trying to access array offset on value of type null', 'C:\\xampp\\htdocs\\wbs-ci\\app\\Views\\dashboard\\detaildataLapor.php', 126)
 2 SYSTEMPATH\View\View.php(228): include('C:\\xampp\\htdocs\\wbs-ci\\app\\Views\\dashboard\\detaildataLapor.php')
 3 SYSTEMPATH\View\View.php(231): CodeIgniter\View\View->CodeIgniter\View\{closure}()
 4 SYSTEMPATH\Common.php(1178): CodeIgniter\View\View->render('/dashboard/detaildataLapor', [], true)
 5 APPPATH\Controllers\DashboardController.php(130): view('/dashboard/detaildataLapor', [...])
 6 SYSTEMPATH\CodeIgniter.php(941): App\Controllers\DashboardController->detail('assets', 'img', 'logo.png')
 7 SYSTEMPATH\CodeIgniter.php(502): CodeIgniter\CodeIgniter->runController(Object(App\Controllers\DashboardController))
 8 SYSTEMPATH\CodeIgniter.php(361): CodeIgniter\CodeIgniter->handleRequest(null, Object(Config\Cache), false)
 9 FCPATH\index.php(79): CodeIgniter\CodeIgniter->run()
10 SYSTEMPATH\Commands\Server\rewrite.php(47): require_once('C:\\xampp\\htdocs\\wbs-ci\\public\\index.php')
CRITICAL - 2024-04-08 01:17:00 --> ErrorException: Trying to access array offset on value of type null
in APPPATH\Views\dashboard\detaildataLapor.php on line 126.
 1 APPPATH\Views\dashboard\detaildataLapor.php(126): CodeIgniter\Debug\Exceptions->errorHandler(2, 'Trying to access array offset on value of type null', 'C:\\xampp\\htdocs\\wbs-ci\\app\\Views\\dashboard\\detaildataLapor.php', 126)
 2 SYSTEMPATH\View\View.php(228): include('C:\\xampp\\htdocs\\wbs-ci\\app\\Views\\dashboard\\detaildataLapor.php')
 3 SYSTEMPATH\View\View.php(231): CodeIgniter\View\View->CodeIgniter\View\{closure}()
 4 SYSTEMPATH\Common.php(1178): CodeIgniter\View\View->render('/dashboard/detaildataLapor', [], true)
 5 APPPATH\Controllers\DashboardController.php(130): view('/dashboard/detaildataLapor', [...])
 6 SYSTEMPATH\CodeIgniter.php(941): App\Controllers\DashboardController->detail('assets', 'img', 'logo.png')
 7 SYSTEMPATH\CodeIgniter.php(502): CodeIgniter\CodeIgniter->runController(Object(App\Controllers\DashboardController))
 8 SYSTEMPATH\CodeIgniter.php(361): CodeIgniter\CodeIgniter->handleRequest(null, Object(Config\Cache), false)
 9 FCPATH\index.php(79): CodeIgniter\CodeIgniter->run()
10 SYSTEMPATH\Commands\Server\rewrite.php(47): require_once('C:\\xampp\\htdocs\\wbs-ci\\public\\index.php')
CRITICAL - 2024-04-08 01:17:03 --> ErrorException: Trying to access array offset on value of type null
in APPPATH\Views\dashboard\detaildataLapor.php on line 126.
 1 APPPATH\Views\dashboard\detaildataLapor.php(126): CodeIgniter\Debug\Exceptions->errorHandler(2, 'Trying to access array offset on value of type null', 'C:\\xampp\\htdocs\\wbs-ci\\app\\Views\\dashboard\\detaildataLapor.php', 126)
 2 SYSTEMPATH\View\View.php(228): include('C:\\xampp\\htdocs\\wbs-ci\\app\\Views\\dashboard\\detaildataLapor.php')
 3 SYSTEMPATH\View\View.php(231): CodeIgniter\View\View->CodeIgniter\View\{closure}()
 4 SYSTEMPATH\Common.php(1178): CodeIgniter\View\View->render('/dashboard/detaildataLapor', [], true)
 5 APPPATH\Controllers\DashboardController.php(130): view('/dashboard/detaildataLapor', [...])
 6 SYSTEMPATH\CodeIgniter.php(941): App\Controllers\DashboardController->detail('assets', 'img', 'logo.png')
 7 SYSTEMPATH\CodeIgniter.php(502): CodeIgniter\CodeIgniter->runController(Object(App\Controllers\DashboardController))
 8 SYSTEMPATH\CodeIgniter.php(361): CodeIgniter\CodeIgniter->handleRequest(null, Object(Config\Cache), false)
 9 FCPATH\index.php(79): CodeIgniter\CodeIgniter->run()
10 SYSTEMPATH\Commands\Server\rewrite.php(47): require_once('C:\\xampp\\htdocs\\wbs-ci\\public\\index.php')
CRITICAL - 2024-04-08 01:17:07 --> ErrorException: Trying to access array offset on value of type null
in APPPATH\Views\dashboard\detaildataLapor.php on line 126.
 1 APPPATH\Views\dashboard\detaildataLapor.php(126): CodeIgniter\Debug\Exceptions->errorHandler(2, 'Trying to access array offset on value of type null', 'C:\\xampp\\htdocs\\wbs-ci\\app\\Views\\dashboard\\detaildataLapor.php', 126)
 2 SYSTEMPATH\View\View.php(228): include('C:\\xampp\\htdocs\\wbs-ci\\app\\Views\\dashboard\\detaildataLapor.php')
 3 SYSTEMPATH\View\View.php(231): CodeIgniter\View\View->CodeIgniter\View\{closure}()
 4 SYSTEMPATH\Common.php(1178): CodeIgniter\View\View->render('/dashboard/detaildataLapor', [], true)
 5 APPPATH\Controllers\DashboardController.php(130): view('/dashboard/detaildataLapor', [...])
 6 SYSTEMPATH\CodeIgniter.php(941): App\Controllers\DashboardController->detail('assets', 'img', 'logo.png')
 7 SYSTEMPATH\CodeIgniter.php(502): CodeIgniter\CodeIgniter->runController(Object(App\Controllers\DashboardController))
 8 SYSTEMPATH\CodeIgniter.php(361): CodeIgniter\CodeIgniter->handleRequest(null, Object(Config\Cache), false)
 9 FCPATH\index.php(79): CodeIgniter\CodeIgniter->run()
10 SYSTEMPATH\Commands\Server\rewrite.php(47): require_once('C:\\xampp\\htdocs\\wbs-ci\\public\\index.php')
CRITICAL - 2024-04-08 01:23:38 --> ErrorException: Trying to access array offset on value of type null
in APPPATH\Views\dashboard\detaildataLapor.php on line 126.
 1 APPPATH\Views\dashboard\detaildataLapor.php(126): CodeIgniter\Debug\Exceptions->errorHandler(2, 'Trying to access array offset on value of type null', 'C:\\xampp\\htdocs\\wbs-ci\\app\\Views\\dashboard\\detaildataLapor.php', 126)
 2 SYSTEMPATH\View\View.php(228): include('C:\\xampp\\htdocs\\wbs-ci\\app\\Views\\dashboard\\detaildataLapor.php')
 3 SYSTEMPATH\View\View.php(231): CodeIgniter\View\View->CodeIgniter\View\{closure}()
 4 SYSTEMPATH\Common.php(1178): CodeIgniter\View\View->render('/dashboard/detaildataLapor', [], true)
 5 APPPATH\Controllers\DashboardController.php(127): view('/dashboard/detaildataLapor', [...])
 6 SYSTEMPATH\CodeIgniter.php(941): App\Controllers\DashboardController->detail('assets', 'img', 'logo.png')
 7 SYSTEMPATH\CodeIgniter.php(502): CodeIgniter\CodeIgniter->runController(Object(App\Controllers\DashboardController))
 8 SYSTEMPATH\CodeIgniter.php(361): CodeIgniter\CodeIgniter->handleRequest(null, Object(Config\Cache), false)
 9 FCPATH\index.php(79): CodeIgniter\CodeIgniter->run()
10 SYSTEMPATH\Commands\Server\rewrite.php(47): require_once('C:\\xampp\\htdocs\\wbs-ci\\public\\index.php')
INFO - 2024-04-08 01:23:40 --> Session: Class initialized using 'CodeIgniter\Session\Handlers\FileHandler' driver.
CRITICAL - 2024-04-08 01:24:51 --> ErrorException: Trying to access array offset on value of type null
in APPPATH\Views\dashboard\detaildataLapor.php on line 126.
 1 APPPATH\Views\dashboard\detaildataLapor.php(126): CodeIgniter\Debug\Exceptions->errorHandler(2, 'Trying to access array offset on value of type null', 'C:\\xampp\\htdocs\\wbs-ci\\app\\Views\\dashboard\\detaildataLapor.php', 126)
 2 SYSTEMPATH\View\View.php(228): include('C:\\xampp\\htdocs\\wbs-ci\\app\\Views\\dashboard\\detaildataLapor.php')
 3 SYSTEMPATH\View\View.php(231): CodeIgniter\View\View->CodeIgniter\View\{closure}()
 4 SYSTEMPATH\Common.php(1178): CodeIgniter\View\View->render('/dashboard/detaildataLapor', [], true)
 5 APPPATH\Controllers\DashboardController.php(127): view('/dashboard/detaildataLapor', [...])
 6 SYSTEMPATH\CodeIgniter.php(941): App\Controllers\DashboardController->detail('2404-WBS-11-002')
 7 SYSTEMPATH\CodeIgniter.php(502): CodeIgniter\CodeIgniter->runController(Object(App\Controllers\DashboardController))
 8 SYSTEMPATH\CodeIgniter.php(361): CodeIgniter\CodeIgniter->handleRequest(null, Object(Config\Cache), false)
 9 FCPATH\index.php(79): CodeIgniter\CodeIgniter->run()
10 SYSTEMPATH\Commands\Server\rewrite.php(47): require_once('C:\\xampp\\htdocs\\wbs-ci\\public\\index.php')
CRITICAL - 2024-04-08 01:25:06 --> ErrorException: Trying to access array offset on value of type null
in APPPATH\Views\dashboard\detaildataLapor.php on line 126.
 1 APPPATH\Views\dashboard\detaildataLapor.php(126): CodeIgniter\Debug\Exceptions->errorHandler(2, 'Trying to access array offset on value of type null', 'C:\\xampp\\htdocs\\wbs-ci\\app\\Views\\dashboard\\detaildataLapor.php', 126)
 2 SYSTEMPATH\View\View.php(228): include('C:\\xampp\\htdocs\\wbs-ci\\app\\Views\\dashboard\\detaildataLapor.php')
 3 SYSTEMPATH\View\View.php(231): CodeIgniter\View\View->CodeIgniter\View\{closure}()
 4 SYSTEMPATH\Common.php(1178): CodeIgniter\View\View->render('/dashboard/detaildataLapor', [], true)
 5 APPPATH\Controllers\DashboardController.php(127): view('/dashboard/detaildataLapor', [...])
 6 SYSTEMPATH\CodeIgniter.php(941): App\Controllers\DashboardController->detail('assets', 'img', 'logo.png')
 7 SYSTEMPATH\CodeIgniter.php(502): CodeIgniter\CodeIgniter->runController(Object(App\Controllers\DashboardController))
 8 SYSTEMPATH\CodeIgniter.php(361): CodeIgniter\CodeIgniter->handleRequest(null, Object(Config\Cache), false)
 9 FCPATH\index.php(79): CodeIgniter\CodeIgniter->run()
10 SYSTEMPATH\Commands\Server\rewrite.php(47): require_once('C:\\xampp\\htdocs\\wbs-ci\\public\\index.php')
INFO - 2024-04-08 01:25:12 --> Session: Class initialized using 'CodeIgniter\Session\Handlers\FileHandler' driver.
CRITICAL - 2024-04-08 01:48:51 --> CodeIgniter\View\Exceptions\ViewException: Invalid file: "dashboard.php"
in SYSTEMPATH\Exceptions\FrameworkException.php on line 39.
 1 SYSTEMPATH\View\View.php(216): CodeIgniter\Exceptions\FrameworkException::forInvalidFile('dashboard.php')
 2 SYSTEMPATH\Common.php(1178): CodeIgniter\View\View->render('dashboard', [], true)
 3 APPPATH\Controllers\DashboardController.php(28): view('dashboard', [...])
 4 SYSTEMPATH\CodeIgniter.php(941): App\Controllers\DashboardController->index()
 5 SYSTEMPATH\CodeIgniter.php(502): CodeIgniter\CodeIgniter->runController(Object(App\Controllers\DashboardController))
 6 SYSTEMPATH\CodeIgniter.php(361): CodeIgniter\CodeIgniter->handleRequest(null, Object(Config\Cache), false)
 7 FCPATH\index.php(79): CodeIgniter\CodeIgniter->run()
 8 SYSTEMPATH\Commands\Server\rewrite.php(47): require_once('C:\\xampp\\htdocs\\wbs-ci\\public\\index.php')
INFO - 2024-04-08 02:00:32 --> Session: Class initialized using 'CodeIgniter\Session\Handlers\FileHandler' driver.
CRITICAL - 2024-04-08 02:01:11 --> ErrorException: Undefined array key "dokumen"
in APPPATH\Controllers\LaporController.php on line 84.
 1 APPPATH\Controllers\LaporController.php(84): CodeIgniter\Debug\Exceptions->errorHandler(2, 'Undefined array key "dokumen"', 'C:\\xampp\\htdocs\\wbs-ci\\app\\Controllers\\LaporController.php', 84)
 2 SYSTEMPATH\CodeIgniter.php(941): App\Controllers\LaporController->save()
 3 SYSTEMPATH\CodeIgniter.php(502): CodeIgniter\CodeIgniter->runController(Object(App\Controllers\LaporController))
 4 SYSTEMPATH\CodeIgniter.php(361): CodeIgniter\CodeIgniter->handleRequest(null, Object(Config\Cache), false)
 5 FCPATH\index.php(79): CodeIgniter\CodeIgniter->run()
 6 SYSTEMPATH\Commands\Server\rewrite.php(47): require_once('C:\\xampp\\htdocs\\wbs-ci\\public\\index.php')
CRITICAL - 2024-04-08 02:01:43 --> ErrorException: foreach() argument must be of type array|object, null given
in APPPATH\Controllers\LaporController.php on line 84.
 1 APPPATH\Controllers\LaporController.php(84): CodeIgniter\Debug\Exceptions->errorHandler(2, 'foreach() argument must be of type array|object, null given', 'C:\\xampp\\htdocs\\wbs-ci\\app\\Controllers\\LaporController.php', 84)
 2 SYSTEMPATH\CodeIgniter.php(941): App\Controllers\LaporController->save()
 3 SYSTEMPATH\CodeIgniter.php(502): CodeIgniter\CodeIgniter->runController(Object(App\Controllers\LaporController))
 4 SYSTEMPATH\CodeIgniter.php(361): CodeIgniter\CodeIgniter->handleRequest(null, Object(Config\Cache), false)
 5 FCPATH\index.php(79): CodeIgniter\CodeIgniter->run()
 6 SYSTEMPATH\Commands\Server\rewrite.php(47): require_once('C:\\xampp\\htdocs\\wbs-ci\\public\\index.php')
INFO - 2024-04-08 02:02:06 --> Session: Class initialized using 'CodeIgniter\Session\Handlers\FileHandler' driver.
INFO - 2024-04-08 02:02:06 --> Session: Class initialized using 'CodeIgniter\Session\Handlers\FileHandler' driver.
INFO - 2024-04-08 02:02:36 --> Session: Class initialized using 'CodeIgniter\Session\Handlers\FileHandler' driver.
INFO - 2024-04-08 02:02:37 --> Session: Class initialized using 'CodeIgniter\Session\Handlers\FileHandler' driver.
CRITICAL - 2024-04-08 02:03:40 --> ErrorException: Trying to access array offset on value of type null
in APPPATH\Views\dashboard\detaildataLapor.php on line 126.
 1 APPPATH\Views\dashboard\detaildataLapor.php(126): CodeIgniter\Debug\Exceptions->errorHandler(2, 'Trying to access array offset on value of type null', 'C:\\xampp\\htdocs\\wbs-ci\\app\\Views\\dashboard\\detaildataLapor.php', 126)
 2 SYSTEMPATH\View\View.php(228): include('C:\\xampp\\htdocs\\wbs-ci\\app\\Views\\dashboard\\detaildataLapor.php')
 3 SYSTEMPATH\View\View.php(231): CodeIgniter\View\View->CodeIgniter\View\{closure}()
 4 SYSTEMPATH\Common.php(1178): CodeIgniter\View\View->render('/dashboard/detaildataLapor', [], true)
 5 APPPATH\Controllers\DashboardController.php(131): view('/dashboard/detaildataLapor', [...])
 6 SYSTEMPATH\CodeIgniter.php(941): App\Controllers\DashboardController->detail('assets', 'img', 'logo.png')
 7 SYSTEMPATH\CodeIgniter.php(502): CodeIgniter\CodeIgniter->runController(Object(App\Controllers\DashboardController))
 8 SYSTEMPATH\CodeIgniter.php(361): CodeIgniter\CodeIgniter->handleRequest(null, Object(Config\Cache), false)
 9 FCPATH\index.php(79): CodeIgniter\CodeIgniter->run()
10 SYSTEMPATH\Commands\Server\rewrite.php(47): require_once('C:\\xampp\\htdocs\\wbs-ci\\public\\index.php')
INFO - 2024-04-08 02:15:44 --> Session: Class initialized using 'CodeIgniter\Session\Handlers\FileHandler' driver.
INFO - 2024-04-08 02:15:44 --> Session: Class initialized using 'CodeIgniter\Session\Handlers\FileHandler' driver.
