INFO - 2024-05-07 05:01:09 --> Session: Class initialized using 'CodeIgniter\Session\Handlers\FileHandler' driver.
INFO - 2024-05-07 05:02:14 --> Session: Class initialized using 'CodeIgniter\Session\Handlers\FileHandler' driver.
INFO - 2024-05-07 05:02:14 --> Session: Class initialized using 'CodeIgniter\Session\Handlers\FileHandler' driver.
INFO - 2024-05-07 06:30:11 --> Session: Class initialized using 'CodeIgniter\Session\Handlers\FileHandler' driver.
INFO - 2024-05-07 06:30:14 --> Session: Class initialized using 'CodeIgniter\Session\Handlers\FileHandler' driver.
INFO - 2024-05-07 06:30:23 --> Session: Class initialized using 'CodeIgniter\Session\Handlers\FileHandler' driver.
INFO - 2024-05-07 06:30:23 --> Session: Class initialized using 'CodeIgniter\Session\Handlers\FileHandler' driver.
INFO - 2024-05-07 06:30:30 --> Session: Class initialized using 'CodeIgniter\Session\Handlers\FileHandler' driver.
INFO - 2024-05-07 06:30:30 --> Session: Class initialized using 'CodeIgniter\Session\Handlers\FileHandler' driver.
INFO - 2024-05-07 06:30:32 --> Session: Class initialized using 'CodeIgniter\Session\Handlers\FileHandler' driver.
INFO - 2024-05-07 06:30:34 --> Session: Class initialized using 'CodeIgniter\Session\Handlers\FileHandler' driver.
INFO - 2024-05-07 06:30:35 --> Session: Class initialized using 'CodeIgniter\Session\Handlers\FileHandler' driver.
INFO - 2024-05-07 06:30:46 --> Session: Class initialized using 'CodeIgniter\Session\Handlers\FileHandler' driver.
INFO - 2024-05-07 06:30:46 --> Session: Class initialized using 'CodeIgniter\Session\Handlers\FileHandler' driver.
INFO - 2024-05-07 06:30:48 --> Session: Class initialized using 'CodeIgniter\Session\Handlers\FileHandler' driver.
INFO - 2024-05-07 06:30:51 --> Session: Class initialized using 'CodeIgniter\Session\Handlers\FileHandler' driver.
INFO - 2024-05-07 06:31:30 --> Session: Class initialized using 'CodeIgniter\Session\Handlers\FileHandler' driver.
INFO - 2024-05-07 06:32:48 --> Session: Class initialized using 'CodeIgniter\Session\Handlers\FileHandler' driver.
INFO - 2024-05-07 06:32:48 --> Session: Class initialized using 'CodeIgniter\Session\Handlers\FileHandler' driver.
CRITICAL - 2024-05-07 06:33:12 --> ErrorException: Trying to access array offset on value of type null
in APPPATH\Views\dashboard\detaildataLapor.php on line 132.
 1 APPPATH\Views\dashboard\detaildataLapor.php(132): CodeIgniter\Debug\Exceptions->errorHandler(2, 'Trying to access array offset on value of type null', 'C:\\xampp\\htdocs\\wbs-ci\\app\\Views\\dashboard\\detaildataLapor.php', 132)
 2 SYSTEMPATH\View\View.php(228): include('C:\\xampp\\htdocs\\wbs-ci\\app\\Views\\dashboard\\detaildataLapor.php')
 3 SYSTEMPATH\View\View.php(231): CodeIgniter\View\View->CodeIgniter\View\{closure}()
 4 SYSTEMPATH\Common.php(1178): CodeIgniter\View\View->render('/dashboard/detaildataLapor', [], true)
 5 APPPATH\Controllers\DashboardController.php(159): view('/dashboard/detaildataLapor', [...])
 6 SYSTEMPATH\CodeIgniter.php(941): App\Controllers\DashboardController->detail('assets', 'img', 'logo.png')
 7 SYSTEMPATH\CodeIgniter.php(502): CodeIgniter\CodeIgniter->runController(Object(App\Controllers\DashboardController))
 8 SYSTEMPATH\CodeIgniter.php(361): CodeIgniter\CodeIgniter->handleRequest(null, Object(Config\Cache), false)
 9 FCPATH\index.php(79): CodeIgniter\CodeIgniter->run()
10 SYSTEMPATH\Commands\Server\rewrite.php(47): require_once('C:\\xampp\\htdocs\\wbs-ci\\public\\index.php')
CRITICAL - 2024-05-07 06:33:13 --> ErrorException: Trying to access array offset on value of type null
in APPPATH\Views\dashboard\detaildataLapor.php on line 132.
 1 APPPATH\Views\dashboard\detaildataLapor.php(132): CodeIgniter\Debug\Exceptions->errorHandler(2, 'Trying to access array offset on value of type null', 'C:\\xampp\\htdocs\\wbs-ci\\app\\Views\\dashboard\\detaildataLapor.php', 132)
 2 SYSTEMPATH\View\View.php(228): include('C:\\xampp\\htdocs\\wbs-ci\\app\\Views\\dashboard\\detaildataLapor.php')
 3 SYSTEMPATH\View\View.php(231): CodeIgniter\View\View->CodeIgniter\View\{closure}()
 4 SYSTEMPATH\Common.php(1178): CodeIgniter\View\View->render('/dashboard/detaildataLapor', [], true)
 5 APPPATH\Controllers\DashboardController.php(159): view('/dashboard/detaildataLapor', [...])
 6 SYSTEMPATH\CodeIgniter.php(941): App\Controllers\DashboardController->detail('assets', 'img', 'logo.png')
 7 SYSTEMPATH\CodeIgniter.php(502): CodeIgniter\CodeIgniter->runController(Object(App\Controllers\DashboardController))
 8 SYSTEMPATH\CodeIgniter.php(361): CodeIgniter\CodeIgniter->handleRequest(null, Object(Config\Cache), false)
 9 FCPATH\index.php(79): CodeIgniter\CodeIgniter->run()
10 SYSTEMPATH\Commands\Server\rewrite.php(47): require_once('C:\\xampp\\htdocs\\wbs-ci\\public\\index.php')
CRITICAL - 2024-05-07 06:34:44 --> ErrorException: Trying to access array offset on value of type null
in APPPATH\Views\dashboard\detaildataLapor.php on line 136.
 1 APPPATH\Views\dashboard\detaildataLapor.php(136): CodeIgniter\Debug\Exceptions->errorHandler(2, 'Trying to access array offset on value of type null', 'C:\\xampp\\htdocs\\wbs-ci\\app\\Views\\dashboard\\detaildataLapor.php', 136)
 2 SYSTEMPATH\View\View.php(228): include('C:\\xampp\\htdocs\\wbs-ci\\app\\Views\\dashboard\\detaildataLapor.php')
 3 SYSTEMPATH\View\View.php(231): CodeIgniter\View\View->CodeIgniter\View\{closure}()
 4 SYSTEMPATH\Common.php(1178): CodeIgniter\View\View->render('/dashboard/detaildataLapor', [], true)
 5 APPPATH\Controllers\DashboardController.php(159): view('/dashboard/detaildataLapor', [...])
 6 SYSTEMPATH\CodeIgniter.php(941): App\Controllers\DashboardController->detail('assets', 'img', 'logo.png')
 7 SYSTEMPATH\CodeIgniter.php(502): CodeIgniter\CodeIgniter->runController(Object(App\Controllers\DashboardController))
 8 SYSTEMPATH\CodeIgniter.php(361): CodeIgniter\CodeIgniter->handleRequest(null, Object(Config\Cache), false)
 9 FCPATH\index.php(79): CodeIgniter\CodeIgniter->run()
10 SYSTEMPATH\Commands\Server\rewrite.php(47): require_once('C:\\xampp\\htdocs\\wbs-ci\\public\\index.php')
CRITICAL - 2024-05-07 06:34:45 --> ErrorException: Trying to access array offset on value of type null
in APPPATH\Views\dashboard\detaildataLapor.php on line 136.
 1 APPPATH\Views\dashboard\detaildataLapor.php(136): CodeIgniter\Debug\Exceptions->errorHandler(2, 'Trying to access array offset on value of type null', 'C:\\xampp\\htdocs\\wbs-ci\\app\\Views\\dashboard\\detaildataLapor.php', 136)
 2 SYSTEMPATH\View\View.php(228): include('C:\\xampp\\htdocs\\wbs-ci\\app\\Views\\dashboard\\detaildataLapor.php')
 3 SYSTEMPATH\View\View.php(231): CodeIgniter\View\View->CodeIgniter\View\{closure}()
 4 SYSTEMPATH\Common.php(1178): CodeIgniter\View\View->render('/dashboard/detaildataLapor', [], true)
 5 APPPATH\Controllers\DashboardController.php(159): view('/dashboard/detaildataLapor', [...])
 6 SYSTEMPATH\CodeIgniter.php(941): App\Controllers\DashboardController->detail('assets', 'img', 'logo.png')
 7 SYSTEMPATH\CodeIgniter.php(502): CodeIgniter\CodeIgniter->runController(Object(App\Controllers\DashboardController))
 8 SYSTEMPATH\CodeIgniter.php(361): CodeIgniter\CodeIgniter->handleRequest(null, Object(Config\Cache), false)
 9 FCPATH\index.php(79): CodeIgniter\CodeIgniter->run()
10 SYSTEMPATH\Commands\Server\rewrite.php(47): require_once('C:\\xampp\\htdocs\\wbs-ci\\public\\index.php')
